This file contains any messages produced by compilers while
running configure, to aid debugging if configure makes a mistake.

It was created by pkgin configure 0.6.4, which was
generated by GNU Autoconf 2.69.  Invocation command line was

  $ ./configure --prefix=/usr/pkg --with-libraries=/usr/pkg/lib --with-includes=/usr/pkg/include

## --------- ##
## Platform. ##
## --------- ##

hostname = yrmt.local
uname -m = x86_64
uname -r = 13.0.0
uname -s = Darwin
uname -v = Darwin Kernel Version 13.0.0: Thu Sep 19 22:22:27 PDT 2013; root:xnu-2422.1.72~6/RELEASE_X86_64

/usr/bin/uname -p = i386
/bin/uname -X     = unknown

/bin/arch              = unknown
/usr/bin/arch -k       = unknown
/usr/convex/getsysinfo = unknown
/usr/bin/hostinfo      = Mach kernel version:
	 Darwin Kernel Version 13.0.0: Thu Sep 19 22:22:27 PDT 2013; root:xnu-2422.1.72~6/RELEASE_X86_64
Kernel configured for up to 2 processors.
2 processors are physically available.
2 processors are logically available.
Processor type: i486 (Intel 80486)
Processors active: 0 1
Primary memory available: 8.00 gigabytes
Default processor set: 178 tasks, 686 threads, 2 processors
Load average: 6.35, Mach factor: 0.28
/bin/machine           = unknown
/usr/bin/oslevel       = unknown
/bin/universe          = unknown

PATH: /usr/local/lib/cw
PATH: /Volumes/pkgsrc/pkg/bin
PATH: /Volumes/pkgsrc/pkg/sbin
PATH: /usr/local/homebrew/bin
PATH: /Users/yourimouton/bin
PATH: /usr/pkg/bin
PATH: /usr/pkg/sbin
PATH: /usr/local/lib/cw
PATH: /usr/bin
PATH: /bin
PATH: /usr/sbin
PATH: /sbin
PATH: /usr/local/bin
PATH: /opt/X11/bin
PATH: /usr/local/lib/cw
PATH: /Volumes/pkgsrc/pkg/bin
PATH: /Volumes/pkgsrc/pkg/sbin
PATH: /usr/local/homebrew/bin
PATH: /Users/yourimouton/bin
PATH: /usr/pkg/bin
PATH: /usr/pkg/sbin
PATH: /usr/local/sbin
PATH: /usr/libexec
PATH: /opt/local/bin
PATH: /opt/local/sbin
PATH: /usr/local/mysql/bin
PATH: /usr/local/sbin
PATH: /usr/local/bin
PATH: /usr/local/sbin
PATH: /usr/libexec
PATH: /opt/local/bin
PATH: /opt/local/sbin
PATH: /usr/local/mysql/bin


## ----------- ##
## Core tests. ##
## ----------- ##

configure:2335: checking build system type
configure:2349: result: x86_64-apple-darwin13.0.0
configure:2369: checking host system type
configure:2382: result: x86_64-apple-darwin13.0.0
configure:2452: checking for gcc
configure:2468: found /usr/bin/gcc
configure:2479: result: gcc
configure:2708: checking for C compiler version
configure:2717: gcc --version >&5
Apple LLVM version 5.0 (clang-500.2.76) (based on LLVM 3.3svn)
Target: x86_64-apple-darwin13.0.0
Thread model: posix
Configured with: --prefix=/Applications/Xcode.app/Contents/Developer/usr --with-gxx-include-dir=/usr/include/c++/4.2.1
configure:2728: $? = 0
configure:2717: gcc -v >&5
Configured with: --prefix=/Applications/Xcode.app/Contents/Developer/usr --with-gxx-include-dir=/usr/include/c++/4.2.1
Apple LLVM version 5.0 (clang-500.2.76) (based on LLVM 3.3svn)
Target: x86_64-apple-darwin13.0.0
Thread model: posix
configure:2728: $? = 0
configure:2717: gcc -V >&5
clang: error: argument to '-V' is missing (expected 1 value)
clang: error: no input files
configure:2728: $? = 1
configure:2717: gcc -qversion >&5
clang: error: no input files
configure:2728: $? = 1
configure:2748: checking whether the C compiler works
configure:2770: gcc    conftest.c  >&5
configure:2774: $? = 0
configure:2822: result: yes
configure:2825: checking for C compiler default output file name
configure:2827: result: a.out
configure:2833: checking for suffix of executables
configure:2840: gcc -o conftest    conftest.c  >&5
configure:2844: $? = 0
configure:2866: result: 
configure:2888: checking whether we are cross compiling
configure:2896: gcc -o conftest    conftest.c  >&5
configure:2900: $? = 0
configure:2907: ./conftest
configure:2911: $? = 0
configure:2926: result: no
configure:2931: checking for suffix of object files
configure:2953: gcc -c   conftest.c >&5
configure:2957: $? = 0
configure:2978: result: o
configure:2982: checking whether we are using the GNU C compiler
configure:3001: gcc -c   conftest.c >&5
configure:3001: $? = 0
configure:3010: result: yes
configure:3019: checking whether gcc accepts -g
configure:3039: gcc -c -g  conftest.c >&5
configure:3039: $? = 0
configure:3080: result: yes
configure:3097: checking for gcc option to accept ISO C89
configure:3160: gcc  -c -g -O2  conftest.c >&5
configure:3160: $? = 0
configure:3173: result: none needed
configure:3207: checking for a BSD-compatible install
configure:3275: result: /usr/bin/install -c
configure:3304: checking for dup2
configure:3304: gcc -o conftest -g -O2  -I/usr/pkg/include  -L/usr/pkg/lib conftest.c  >&5
configure:3304: $? = 0
configure:3304: result: yes
configure:3304: checking for getcwd
configure:3304: gcc -o conftest -g -O2  -I/usr/pkg/include  -L/usr/pkg/lib conftest.c  >&5
configure:3304: $? = 0
configure:3304: result: yes
configure:3304: checking for localeconv
configure:3304: gcc -o conftest -g -O2  -I/usr/pkg/include  -L/usr/pkg/lib conftest.c  >&5
configure:3304: $? = 0
configure:3304: result: yes
configure:3304: checking for memmove
configure:3304: gcc -o conftest -g -O2  -I/usr/pkg/include  -L/usr/pkg/lib conftest.c  >&5
conftest.c:35:6: warning: incompatible redeclaration of library function 'memmove' [-Wincompatible-library-redeclaration]
char memmove ();
     ^
conftest.c:35:6: note: 'memmove' is a builtin with type 'void *(void *, const void *, unsigned long)'
1 warning generated.
configure:3304: $? = 0
configure:3304: result: yes
configure:3304: checking for memset
configure:3304: gcc -o conftest -g -O2  -I/usr/pkg/include  -L/usr/pkg/lib conftest.c  >&5
conftest.c:36:6: warning: incompatible redeclaration of library function 'memset' [-Wincompatible-library-redeclaration]
char memset ();
     ^
conftest.c:36:6: note: 'memset' is a builtin with type 'void *(void *, int, unsigned long)'
1 warning generated.
configure:3304: $? = 0
configure:3304: result: yes
configure:3304: checking for mkdir
configure:3304: gcc -o conftest -g -O2  -I/usr/pkg/include  -L/usr/pkg/lib conftest.c  >&5
configure:3304: $? = 0
configure:3304: result: yes
configure:3304: checking for putenv
configure:3304: gcc -o conftest -g -O2  -I/usr/pkg/include  -L/usr/pkg/lib conftest.c  >&5
configure:3304: $? = 0
configure:3304: result: yes
configure:3304: checking for regcomp
configure:3304: gcc -o conftest -g -O2  -I/usr/pkg/include  -L/usr/pkg/lib conftest.c  >&5
configure:3304: $? = 0
configure:3304: result: yes
configure:3304: checking for rmdir
configure:3304: gcc -o conftest -g -O2  -I/usr/pkg/include  -L/usr/pkg/lib conftest.c  >&5
configure:3304: $? = 0
configure:3304: result: yes
configure:3304: checking for setenv
configure:3304: gcc -o conftest -g -O2  -I/usr/pkg/include  -L/usr/pkg/lib conftest.c  >&5
configure:3304: $? = 0
configure:3304: result: yes
configure:3304: checking for strcasecmp
configure:3304: gcc -o conftest -g -O2  -I/usr/pkg/include  -L/usr/pkg/lib conftest.c  >&5
conftest.c:42:6: warning: incompatible redeclaration of library function 'strcasecmp' [-Wincompatible-library-redeclaration]
char strcasecmp ();
     ^
conftest.c:42:6: note: 'strcasecmp' is a builtin with type 'int (const char *, const char *)'
1 warning generated.
configure:3304: $? = 0
configure:3304: result: yes
configure:3304: checking for strchr
configure:3304: gcc -o conftest -g -O2  -I/usr/pkg/include  -L/usr/pkg/lib conftest.c  >&5
conftest.c:43:6: warning: incompatible redeclaration of library function 'strchr' [-Wincompatible-library-redeclaration]
char strchr ();
     ^
conftest.c:43:6: note: 'strchr' is a builtin with type 'char *(const char *, int)'
1 warning generated.
configure:3304: $? = 0
configure:3304: result: yes
configure:3304: checking for strcspn
configure:3304: gcc -o conftest -g -O2  -I/usr/pkg/include  -L/usr/pkg/lib conftest.c  >&5
conftest.c:44:6: warning: incompatible redeclaration of library function 'strcspn' [-Wincompatible-library-redeclaration]
char strcspn ();
     ^
conftest.c:44:6: note: 'strcspn' is a builtin with type 'unsigned long (const char *, const char *)'
1 warning generated.
configure:3304: $? = 0
configure:3304: result: yes
configure:3304: checking for strdup
configure:3304: gcc -o conftest -g -O2  -I/usr/pkg/include  -L/usr/pkg/lib conftest.c  >&5
conftest.c:45:6: warning: incompatible redeclaration of library function 'strdup' [-Wincompatible-library-redeclaration]
char strdup ();
     ^
conftest.c:45:6: note: 'strdup' is a builtin with type 'char *(const char *)'
1 warning generated.
configure:3304: $? = 0
configure:3304: result: yes
configure:3304: checking for strncasecmp
configure:3304: gcc -o conftest -g -O2  -I/usr/pkg/include  -L/usr/pkg/lib conftest.c  >&5
conftest.c:46:6: warning: incompatible redeclaration of library function 'strncasecmp' [-Wincompatible-library-redeclaration]
char strncasecmp ();
     ^
conftest.c:46:6: note: 'strncasecmp' is a builtin with type 'int (const char *, const char *, unsigned long)'
1 warning generated.
configure:3304: $? = 0
configure:3304: result: yes
configure:3304: checking for strpbrk
configure:3304: gcc -o conftest -g -O2  -I/usr/pkg/include  -L/usr/pkg/lib conftest.c  >&5
conftest.c:47:6: warning: incompatible redeclaration of library function 'strpbrk' [-Wincompatible-library-redeclaration]
char strpbrk ();
     ^
conftest.c:47:6: note: 'strpbrk' is a builtin with type 'char *(const char *, const char *)'
1 warning generated.
configure:3304: $? = 0
configure:3304: result: yes
configure:3304: checking for strrchr
configure:3304: gcc -o conftest -g -O2  -I/usr/pkg/include  -L/usr/pkg/lib conftest.c  >&5
conftest.c:48:6: warning: incompatible redeclaration of library function 'strrchr' [-Wincompatible-library-redeclaration]
char strrchr ();
     ^
conftest.c:48:6: note: 'strrchr' is a builtin with type 'char *(const char *, int)'
1 warning generated.
configure:3304: $? = 0
configure:3304: result: yes
configure:3304: checking for strstr
configure:3304: gcc -o conftest -g -O2  -I/usr/pkg/include  -L/usr/pkg/lib conftest.c  >&5
conftest.c:49:6: warning: incompatible redeclaration of library function 'strstr' [-Wincompatible-library-redeclaration]
char strstr ();
     ^
conftest.c:49:6: note: 'strstr' is a builtin with type 'char *(const char *, const char *)'
1 warning generated.
configure:3304: $? = 0
configure:3304: result: yes
configure:3304: checking for strtol
configure:3304: gcc -o conftest -g -O2  -I/usr/pkg/include  -L/usr/pkg/lib conftest.c  >&5
configure:3304: $? = 0
configure:3304: result: yes
configure:3304: checking for freopen
configure:3304: gcc -o conftest -g -O2  -I/usr/pkg/include  -L/usr/pkg/lib conftest.c  >&5
configure:3304: $? = 0
configure:3304: result: yes
configure:3304: checking for tcgetpgrp
configure:3304: gcc -o conftest -g -O2  -I/usr/pkg/include  -L/usr/pkg/lib conftest.c  >&5
configure:3304: $? = 0
configure:3304: result: yes
configure:3314: checking for pthread_create
configure:3314: gcc -o conftest -g -O2  -I/usr/pkg/include  -L/usr/pkg/lib conftest.c  >&5
configure:3314: $? = 0
configure:3314: result: yes
configure:3368: checking for humanize_number
configure:3368: gcc -o conftest -g -O2  -I/usr/pkg/include  -L/usr/pkg/lib conftest.c  >&5
Undefined symbols for architecture x86_64:
  "_humanize_number", referenced from:
      _main in conftest-gWU9nS.o
ld: symbol(s) not found for architecture x86_64
clang: error: linker command failed with exit code 1 (use -v to see invocation)
configure:3368: $? = 1
configure: failed program was:
| /* confdefs.h */
| #define PACKAGE_NAME "pkgin"
| #define PACKAGE_TARNAME "pkgin"
| #define PACKAGE_VERSION "0.6.4"
| #define PACKAGE_STRING "pkgin 0.6.4"
| #define PACKAGE_BUGREPORT "imil@NetBSD.org"
| #define PACKAGE_URL ""
| #define HAVE_DUP2 1
| #define HAVE_GETCWD 1
| #define HAVE_LOCALECONV 1
| #define HAVE_MEMMOVE 1
| #define HAVE_MEMSET 1
| #define HAVE_MKDIR 1
| #define HAVE_PUTENV 1
| #define HAVE_REGCOMP 1
| #define HAVE_RMDIR 1
| #define HAVE_SETENV 1
| #define HAVE_STRCASECMP 1
| #define HAVE_STRCHR 1
| #define HAVE_STRCSPN 1
| #define HAVE_STRDUP 1
| #define HAVE_STRNCASECMP 1
| #define HAVE_STRPBRK 1
| #define HAVE_STRRCHR 1
| #define HAVE_STRSTR 1
| #define HAVE_STRTOL 1
| #define HAVE_FREOPEN 1
| #define HAVE_TCGETPGRP 1
| /* end confdefs.h.  */
| /* Define humanize_number to an innocuous variant, in case <limits.h> declares humanize_number.
|    For example, HP-UX 11i <limits.h> declares gettimeofday.  */
| #define humanize_number innocuous_humanize_number
| 
| /* System header to define __stub macros and hopefully few prototypes,
|     which can conflict with char humanize_number (); below.
|     Prefer <limits.h> to <assert.h> if __STDC__ is defined, since
|     <limits.h> exists even on freestanding compilers.  */
| 
| #ifdef __STDC__
| # include <limits.h>
| #else
| # include <assert.h>
| #endif
| 
| #undef humanize_number
| 
| /* Override any GCC internal prototype to avoid an error.
|    Use char because int might match the return type of a GCC
|    builtin and then its argument prototype would still apply.  */
| #ifdef __cplusplus
| extern "C"
| #endif
| char humanize_number ();
| /* The GNU C library defines this for functions which it implements
|     to always fail with ENOSYS.  Some functions are actually named
|     something starting with __ and the normal name is an alias.  */
| #if defined __stub_humanize_number || defined __stub___humanize_number
| choke me
| #endif
| 
| int
| main ()
| {
| return humanize_number ();
|   ;
|   return 0;
| }
configure:3368: result: no
configure:3373: checking for library containing humanize_number
configure:3404: gcc -o conftest -g -O2  -I/usr/pkg/include  -L/usr/pkg/lib conftest.c  >&5
Undefined symbols for architecture x86_64:
  "_humanize_number", referenced from:
      _main in conftest-tnAw1k.o
ld: symbol(s) not found for architecture x86_64
clang: error: linker command failed with exit code 1 (use -v to see invocation)
configure:3404: $? = 1
configure: failed program was:
| /* confdefs.h */
| #define PACKAGE_NAME "pkgin"
| #define PACKAGE_TARNAME "pkgin"
| #define PACKAGE_VERSION "0.6.4"
| #define PACKAGE_STRING "pkgin 0.6.4"
| #define PACKAGE_BUGREPORT "imil@NetBSD.org"
| #define PACKAGE_URL ""
| #define HAVE_DUP2 1
| #define HAVE_GETCWD 1
| #define HAVE_LOCALECONV 1
| #define HAVE_MEMMOVE 1
| #define HAVE_MEMSET 1
| #define HAVE_MKDIR 1
| #define HAVE_PUTENV 1
| #define HAVE_REGCOMP 1
| #define HAVE_RMDIR 1
| #define HAVE_SETENV 1
| #define HAVE_STRCASECMP 1
| #define HAVE_STRCHR 1
| #define HAVE_STRCSPN 1
| #define HAVE_STRDUP 1
| #define HAVE_STRNCASECMP 1
| #define HAVE_STRPBRK 1
| #define HAVE_STRRCHR 1
| #define HAVE_STRSTR 1
| #define HAVE_STRTOL 1
| #define HAVE_FREOPEN 1
| #define HAVE_TCGETPGRP 1
| /* end confdefs.h.  */
| 
| /* Override any GCC internal prototype to avoid an error.
|    Use char because int might match the return type of a GCC
|    builtin and then its argument prototype would still apply.  */
| #ifdef __cplusplus
| extern "C"
| #endif
| char humanize_number ();
| int
| main ()
| {
| return humanize_number ();
|   ;
|   return 0;
| }
configure:3404: gcc -o conftest -g -O2  -I/usr/pkg/include  -L/usr/pkg/lib conftest.c -lutil   >&5
configure:3404: $? = 0
configure:3421: result: -lutil
configure:3439: checking for library containing socket
configure:3470: gcc -o conftest -g -O2  -I/usr/pkg/include  -L/usr/pkg/lib conftest.c -lutil  >&5
configure:3470: $? = 0
configure:3487: result: none required
configure:3495: checking for library containing inet_addr
configure:3526: gcc -o conftest -g -O2  -I/usr/pkg/include  -L/usr/pkg/lib conftest.c -lutil  >&5
configure:3526: $? = 0
configure:3543: result: none required
configure:3552: checking for library containing tgetent
configure:3583: gcc -o conftest -g -O2  -I/usr/pkg/include  -L/usr/pkg/lib conftest.c -lutil  >&5
Undefined symbols for architecture x86_64:
  "_tgetent", referenced from:
      _main in conftest-Bu8nxQ.o
ld: symbol(s) not found for architecture x86_64
clang: error: linker command failed with exit code 1 (use -v to see invocation)
configure:3583: $? = 1
configure: failed program was:
| /* confdefs.h */
| #define PACKAGE_NAME "pkgin"
| #define PACKAGE_TARNAME "pkgin"
| #define PACKAGE_VERSION "0.6.4"
| #define PACKAGE_STRING "pkgin 0.6.4"
| #define PACKAGE_BUGREPORT "imil@NetBSD.org"
| #define PACKAGE_URL ""
| #define HAVE_DUP2 1
| #define HAVE_GETCWD 1
| #define HAVE_LOCALECONV 1
| #define HAVE_MEMMOVE 1
| #define HAVE_MEMSET 1
| #define HAVE_MKDIR 1
| #define HAVE_PUTENV 1
| #define HAVE_REGCOMP 1
| #define HAVE_RMDIR 1
| #define HAVE_SETENV 1
| #define HAVE_STRCASECMP 1
| #define HAVE_STRCHR 1
| #define HAVE_STRCSPN 1
| #define HAVE_STRDUP 1
| #define HAVE_STRNCASECMP 1
| #define HAVE_STRPBRK 1
| #define HAVE_STRRCHR 1
| #define HAVE_STRSTR 1
| #define HAVE_STRTOL 1
| #define HAVE_FREOPEN 1
| #define HAVE_TCGETPGRP 1
| /* end confdefs.h.  */
| 
| /* Override any GCC internal prototype to avoid an error.
|    Use char because int might match the return type of a GCC
|    builtin and then its argument prototype would still apply.  */
| #ifdef __cplusplus
| extern "C"
| #endif
| char tgetent ();
| int
| main ()
| {
| return tgetent ();
|   ;
|   return 0;
| }
configure:3583: gcc -o conftest -g -O2  -I/usr/pkg/include  -L/usr/pkg/lib conftest.c -ltermcap  -lutil  >&5
configure:3583: $? = 0
configure:3600: result: -ltermcap
configure:3609: checking for library containing BN_init
configure:3640: gcc -o conftest -g -O2  -I/usr/pkg/include  -L/usr/pkg/lib conftest.c -ltermcap -lutil  >&5
Undefined symbols for architecture x86_64:
  "_BN_init", referenced from:
      _main in conftest-YnVwKs.o
ld: symbol(s) not found for architecture x86_64
clang: error: linker command failed with exit code 1 (use -v to see invocation)
configure:3640: $? = 1
configure: failed program was:
| /* confdefs.h */
| #define PACKAGE_NAME "pkgin"
| #define PACKAGE_TARNAME "pkgin"
| #define PACKAGE_VERSION "0.6.4"
| #define PACKAGE_STRING "pkgin 0.6.4"
| #define PACKAGE_BUGREPORT "imil@NetBSD.org"
| #define PACKAGE_URL ""
| #define HAVE_DUP2 1
| #define HAVE_GETCWD 1
| #define HAVE_LOCALECONV 1
| #define HAVE_MEMMOVE 1
| #define HAVE_MEMSET 1
| #define HAVE_MKDIR 1
| #define HAVE_PUTENV 1
| #define HAVE_REGCOMP 1
| #define HAVE_RMDIR 1
| #define HAVE_SETENV 1
| #define HAVE_STRCASECMP 1
| #define HAVE_STRCHR 1
| #define HAVE_STRCSPN 1
| #define HAVE_STRDUP 1
| #define HAVE_STRNCASECMP 1
| #define HAVE_STRPBRK 1
| #define HAVE_STRRCHR 1
| #define HAVE_STRSTR 1
| #define HAVE_STRTOL 1
| #define HAVE_FREOPEN 1
| #define HAVE_TCGETPGRP 1
| /* end confdefs.h.  */
| 
| /* Override any GCC internal prototype to avoid an error.
|    Use char because int might match the return type of a GCC
|    builtin and then its argument prototype would still apply.  */
| #ifdef __cplusplus
| extern "C"
| #endif
| char BN_init ();
| int
| main ()
| {
| return BN_init ();
|   ;
|   return 0;
| }
configure:3640: gcc -o conftest -g -O2  -I/usr/pkg/include  -L/usr/pkg/lib conftest.c -lcrypto  -ltermcap -lutil  >&5
configure:3640: $? = 0
configure:3657: result: -lcrypto
configure:3663: checking for library containing SSL_accept
configure:3694: gcc -o conftest -g -O2  -I/usr/pkg/include  -L/usr/pkg/lib -lcrypto conftest.c -lcrypto -ltermcap -lutil  >&5
Undefined symbols for architecture x86_64:
  "_SSL_accept", referenced from:
      _main in conftest-4G3XK9.o
ld: symbol(s) not found for architecture x86_64
clang: error: linker command failed with exit code 1 (use -v to see invocation)
configure:3694: $? = 1
configure: failed program was:
| /* confdefs.h */
| #define PACKAGE_NAME "pkgin"
| #define PACKAGE_TARNAME "pkgin"
| #define PACKAGE_VERSION "0.6.4"
| #define PACKAGE_STRING "pkgin 0.6.4"
| #define PACKAGE_BUGREPORT "imil@NetBSD.org"
| #define PACKAGE_URL ""
| #define HAVE_DUP2 1
| #define HAVE_GETCWD 1
| #define HAVE_LOCALECONV 1
| #define HAVE_MEMMOVE 1
| #define HAVE_MEMSET 1
| #define HAVE_MKDIR 1
| #define HAVE_PUTENV 1
| #define HAVE_REGCOMP 1
| #define HAVE_RMDIR 1
| #define HAVE_SETENV 1
| #define HAVE_STRCASECMP 1
| #define HAVE_STRCHR 1
| #define HAVE_STRCSPN 1
| #define HAVE_STRDUP 1
| #define HAVE_STRNCASECMP 1
| #define HAVE_STRPBRK 1
| #define HAVE_STRRCHR 1
| #define HAVE_STRSTR 1
| #define HAVE_STRTOL 1
| #define HAVE_FREOPEN 1
| #define HAVE_TCGETPGRP 1
| /* end confdefs.h.  */
| 
| /* Override any GCC internal prototype to avoid an error.
|    Use char because int might match the return type of a GCC
|    builtin and then its argument prototype would still apply.  */
| #ifdef __cplusplus
| extern "C"
| #endif
| char SSL_accept ();
| int
| main ()
| {
| return SSL_accept ();
|   ;
|   return 0;
| }
configure:3694: gcc -o conftest -g -O2  -I/usr/pkg/include  -L/usr/pkg/lib -lcrypto conftest.c -lssl  -lcrypto -ltermcap -lutil  >&5
configure:3694: $? = 0
configure:3711: result: -lssl
configure:3725: checking for strlcpy in -lnbcompat
configure:3750: gcc -o conftest -g -O2  -I/usr/pkg/include  -L/usr/pkg/lib -lcrypto -lssl conftest.c -lnbcompat  -lssl -lcrypto -ltermcap -lutil  >&5
conftest.c:37:6: warning: incompatible redeclaration of library function 'strlcpy' [-Wincompatible-library-redeclaration]
char strlcpy ();
     ^
conftest.c:37:6: note: 'strlcpy' is a builtin with type 'unsigned long (char *, const char *, unsigned long)'
1 warning generated.
configure:3750: $? = 0
configure:3759: result: yes
configure:3767: checking for library containing fetchGetURL
configure:3798: gcc -o conftest -g -O2  -I/usr/pkg/include  -L/usr/pkg/lib -lcrypto -lssl conftest.c -lssl -lcrypto -ltermcap -lutil  -lnbcompat >&5
Undefined symbols for architecture x86_64:
  "_fetchGetURL", referenced from:
      _main in conftest-8hF2Je.o
ld: symbol(s) not found for architecture x86_64
clang: error: linker command failed with exit code 1 (use -v to see invocation)
configure:3798: $? = 1
configure: failed program was:
| /* confdefs.h */
| #define PACKAGE_NAME "pkgin"
| #define PACKAGE_TARNAME "pkgin"
| #define PACKAGE_VERSION "0.6.4"
| #define PACKAGE_STRING "pkgin 0.6.4"
| #define PACKAGE_BUGREPORT "imil@NetBSD.org"
| #define PACKAGE_URL ""
| #define HAVE_DUP2 1
| #define HAVE_GETCWD 1
| #define HAVE_LOCALECONV 1
| #define HAVE_MEMMOVE 1
| #define HAVE_MEMSET 1
| #define HAVE_MKDIR 1
| #define HAVE_PUTENV 1
| #define HAVE_REGCOMP 1
| #define HAVE_RMDIR 1
| #define HAVE_SETENV 1
| #define HAVE_STRCASECMP 1
| #define HAVE_STRCHR 1
| #define HAVE_STRCSPN 1
| #define HAVE_STRDUP 1
| #define HAVE_STRNCASECMP 1
| #define HAVE_STRPBRK 1
| #define HAVE_STRRCHR 1
| #define HAVE_STRSTR 1
| #define HAVE_STRTOL 1
| #define HAVE_FREOPEN 1
| #define HAVE_TCGETPGRP 1
| /* end confdefs.h.  */
| 
| /* Override any GCC internal prototype to avoid an error.
|    Use char because int might match the return type of a GCC
|    builtin and then its argument prototype would still apply.  */
| #ifdef __cplusplus
| extern "C"
| #endif
| char fetchGetURL ();
| int
| main ()
| {
| return fetchGetURL ();
|   ;
|   return 0;
| }
configure:3798: gcc -o conftest -g -O2  -I/usr/pkg/include  -L/usr/pkg/lib -lcrypto -lssl conftest.c -lfetch  -lssl -lcrypto -ltermcap -lutil  -lnbcompat >&5
configure:3798: $? = 0
configure:3815: result: -lfetch
configure:3834: checking how to run the C preprocessor
configure:3865: gcc -E  -I/usr/pkg/include conftest.c
configure:3865: $? = 0
configure:3879: gcc -E  -I/usr/pkg/include conftest.c
conftest.c:30:10: fatal error: 'ac_nonexistent.h' file not found
#include <ac_nonexistent.h>
         ^
1 error generated.
configure:3879: $? = 1
configure: failed program was:
| /* confdefs.h */
| #define PACKAGE_NAME "pkgin"
| #define PACKAGE_TARNAME "pkgin"
| #define PACKAGE_VERSION "0.6.4"
| #define PACKAGE_STRING "pkgin 0.6.4"
| #define PACKAGE_BUGREPORT "imil@NetBSD.org"
| #define PACKAGE_URL ""
| #define HAVE_DUP2 1
| #define HAVE_GETCWD 1
| #define HAVE_LOCALECONV 1
| #define HAVE_MEMMOVE 1
| #define HAVE_MEMSET 1
| #define HAVE_MKDIR 1
| #define HAVE_PUTENV 1
| #define HAVE_REGCOMP 1
| #define HAVE_RMDIR 1
| #define HAVE_SETENV 1
| #define HAVE_STRCASECMP 1
| #define HAVE_STRCHR 1
| #define HAVE_STRCSPN 1
| #define HAVE_STRDUP 1
| #define HAVE_STRNCASECMP 1
| #define HAVE_STRPBRK 1
| #define HAVE_STRRCHR 1
| #define HAVE_STRSTR 1
| #define HAVE_STRTOL 1
| #define HAVE_FREOPEN 1
| #define HAVE_TCGETPGRP 1
| /* end confdefs.h.  */
| #include <ac_nonexistent.h>
configure:3904: result: gcc -E
configure:3924: gcc -E  -I/usr/pkg/include conftest.c
configure:3924: $? = 0
configure:3938: gcc -E  -I/usr/pkg/include conftest.c
conftest.c:30:10: fatal error: 'ac_nonexistent.h' file not found
#include <ac_nonexistent.h>
         ^
1 error generated.
configure:3938: $? = 1
configure: failed program was:
| /* confdefs.h */
| #define PACKAGE_NAME "pkgin"
| #define PACKAGE_TARNAME "pkgin"
| #define PACKAGE_VERSION "0.6.4"
| #define PACKAGE_STRING "pkgin 0.6.4"
| #define PACKAGE_BUGREPORT "imil@NetBSD.org"
| #define PACKAGE_URL ""
| #define HAVE_DUP2 1
| #define HAVE_GETCWD 1
| #define HAVE_LOCALECONV 1
| #define HAVE_MEMMOVE 1
| #define HAVE_MEMSET 1
| #define HAVE_MKDIR 1
| #define HAVE_PUTENV 1
| #define HAVE_REGCOMP 1
| #define HAVE_RMDIR 1
| #define HAVE_SETENV 1
| #define HAVE_STRCASECMP 1
| #define HAVE_STRCHR 1
| #define HAVE_STRCSPN 1
| #define HAVE_STRDUP 1
| #define HAVE_STRNCASECMP 1
| #define HAVE_STRPBRK 1
| #define HAVE_STRRCHR 1
| #define HAVE_STRSTR 1
| #define HAVE_STRTOL 1
| #define HAVE_FREOPEN 1
| #define HAVE_TCGETPGRP 1
| /* end confdefs.h.  */
| #include <ac_nonexistent.h>
configure:3967: checking for grep that handles long lines and -e
configure:4025: result: /usr/bin/grep
configure:4030: checking for egrep
configure:4092: result: /usr/bin/grep -E
configure:4097: checking for ANSI C header files
configure:4117: gcc -c -g -O2  -I/usr/pkg/include conftest.c >&5
configure:4117: $? = 0
configure:4190: gcc -o conftest -g -O2  -I/usr/pkg/include  -L/usr/pkg/lib -lcrypto -lssl conftest.c -lssl -lcrypto -ltermcap -lutil  -lnbcompat >&5
configure:4190: $? = 0
configure:4190: ./conftest
configure:4190: $? = 0
configure:4201: result: yes
configure:4214: checking for sys/types.h
configure:4214: gcc -c -g -O2  -I/usr/pkg/include conftest.c >&5
configure:4214: $? = 0
configure:4214: result: yes
configure:4214: checking for sys/stat.h
configure:4214: gcc -c -g -O2  -I/usr/pkg/include conftest.c >&5
configure:4214: $? = 0
configure:4214: result: yes
configure:4214: checking for stdlib.h
configure:4214: gcc -c -g -O2  -I/usr/pkg/include conftest.c >&5
configure:4214: $? = 0
configure:4214: result: yes
configure:4214: checking for string.h
configure:4214: gcc -c -g -O2  -I/usr/pkg/include conftest.c >&5
configure:4214: $? = 0
configure:4214: result: yes
configure:4214: checking for memory.h
configure:4214: gcc -c -g -O2  -I/usr/pkg/include conftest.c >&5
configure:4214: $? = 0
configure:4214: result: yes
configure:4214: checking for strings.h
configure:4214: gcc -c -g -O2  -I/usr/pkg/include conftest.c >&5
configure:4214: $? = 0
configure:4214: result: yes
configure:4214: checking for inttypes.h
configure:4214: gcc -c -g -O2  -I/usr/pkg/include conftest.c >&5
configure:4214: $? = 0
configure:4214: result: yes
configure:4214: checking for stdint.h
configure:4214: gcc -c -g -O2  -I/usr/pkg/include conftest.c >&5
configure:4214: $? = 0
configure:4214: result: yes
configure:4214: checking for unistd.h
configure:4214: gcc -c -g -O2  -I/usr/pkg/include conftest.c >&5
configure:4214: $? = 0
configure:4214: result: yes
configure:4229: checking fcntl.h usability
configure:4229: gcc -c -g -O2  -I/usr/pkg/include conftest.c >&5
configure:4229: $? = 0
configure:4229: result: yes
configure:4229: checking fcntl.h presence
configure:4229: gcc -E  -I/usr/pkg/include conftest.c
configure:4229: $? = 0
configure:4229: result: yes
configure:4229: checking for fcntl.h
configure:4229: result: yes
configure:4229: checking for inttypes.h
configure:4229: result: yes
configure:4229: checking limits.h usability
configure:4229: gcc -c -g -O2  -I/usr/pkg/include conftest.c >&5
configure:4229: $? = 0
configure:4229: result: yes
configure:4229: checking limits.h presence
configure:4229: gcc -E  -I/usr/pkg/include conftest.c
configure:4229: $? = 0
configure:4229: result: yes
configure:4229: checking for limits.h
configure:4229: result: yes
configure:4229: checking locale.h usability
configure:4229: gcc -c -g -O2  -I/usr/pkg/include conftest.c >&5
configure:4229: $? = 0
configure:4229: result: yes
configure:4229: checking locale.h presence
configure:4229: gcc -E  -I/usr/pkg/include conftest.c
configure:4229: $? = 0
configure:4229: result: yes
configure:4229: checking for locale.h
configure:4229: result: yes
configure:4229: checking netdb.h usability
configure:4229: gcc -c -g -O2  -I/usr/pkg/include conftest.c >&5
configure:4229: $? = 0
configure:4229: result: yes
configure:4229: checking netdb.h presence
configure:4229: gcc -E  -I/usr/pkg/include conftest.c
configure:4229: $? = 0
configure:4229: result: yes
configure:4229: checking for netdb.h
configure:4229: result: yes
configure:4229: checking for stdint.h
configure:4229: result: yes
configure:4229: checking for stdlib.h
configure:4229: result: yes
configure:4229: checking for string.h
configure:4229: result: yes
configure:4229: checking sys/file.h usability
configure:4229: gcc -c -g -O2  -I/usr/pkg/include conftest.c >&5
configure:4229: $? = 0
configure:4229: result: yes
configure:4229: checking sys/file.h presence
configure:4229: gcc -E  -I/usr/pkg/include conftest.c
configure:4229: $? = 0
configure:4229: result: yes
configure:4229: checking for sys/file.h
configure:4229: result: yes
configure:4229: checking sys/param.h usability
configure:4229: gcc -c -g -O2  -I/usr/pkg/include conftest.c >&5
configure:4229: $? = 0
configure:4229: result: yes
configure:4229: checking sys/param.h presence
configure:4229: gcc -E  -I/usr/pkg/include conftest.c
configure:4229: $? = 0
configure:4229: result: yes
configure:4229: checking for sys/param.h
configure:4229: result: yes
configure:4229: checking sys/statvfs.h usability
configure:4229: gcc -c -g -O2  -I/usr/pkg/include conftest.c >&5
configure:4229: $? = 0
configure:4229: result: yes
configure:4229: checking sys/statvfs.h presence
configure:4229: gcc -E  -I/usr/pkg/include conftest.c
configure:4229: $? = 0
configure:4229: result: yes
configure:4229: checking for sys/statvfs.h
configure:4229: result: yes
configure:4229: checking sys/time.h usability
configure:4229: gcc -c -g -O2  -I/usr/pkg/include conftest.c >&5
configure:4229: $? = 0
configure:4229: result: yes
configure:4229: checking sys/time.h presence
configure:4229: gcc -E  -I/usr/pkg/include conftest.c
configure:4229: $? = 0
configure:4229: result: yes
configure:4229: checking for sys/time.h
configure:4229: result: yes
configure:4229: checking for unistd.h
configure:4229: result: yes
configure:4229: checking sys/queue.h usability
configure:4229: gcc -c -g -O2  -I/usr/pkg/include conftest.c >&5
configure:4229: $? = 0
configure:4229: result: yes
configure:4229: checking sys/queue.h presence
configure:4229: gcc -E  -I/usr/pkg/include conftest.c
configure:4229: $? = 0
configure:4229: result: yes
configure:4229: checking for sys/queue.h
configure:4229: result: yes
configure:4229: checking ctype.h usability
configure:4229: gcc -c -g -O2  -I/usr/pkg/include conftest.c >&5
configure:4229: $? = 0
configure:4229: result: yes
configure:4229: checking ctype.h presence
configure:4229: gcc -E  -I/usr/pkg/include conftest.c
configure:4229: $? = 0
configure:4229: result: yes
configure:4229: checking for ctype.h
configure:4229: result: yes
configure:4229: checking stdio.h usability
configure:4229: gcc -c -g -O2  -I/usr/pkg/include conftest.c >&5
configure:4229: $? = 0
configure:4229: result: yes
configure:4229: checking stdio.h presence
configure:4229: gcc -E  -I/usr/pkg/include conftest.c
configure:4229: $? = 0
configure:4229: result: yes
configure:4229: checking for stdio.h
configure:4229: result: yes
configure:4229: checking assert.h usability
configure:4229: gcc -c -g -O2  -I/usr/pkg/include conftest.c >&5
configure:4229: $? = 0
configure:4229: result: yes
configure:4229: checking assert.h presence
configure:4229: gcc -E  -I/usr/pkg/include conftest.c
configure:4229: $? = 0
configure:4229: result: yes
configure:4229: checking for assert.h
configure:4229: result: yes
configure:4229: checking err.h usability
configure:4229: gcc -c -g -O2  -I/usr/pkg/include conftest.c >&5
configure:4229: $? = 0
configure:4229: result: yes
configure:4229: checking err.h presence
configure:4229: gcc -E  -I/usr/pkg/include conftest.c
configure:4229: $? = 0
configure:4229: result: yes
configure:4229: checking for err.h
configure:4229: result: yes
configure:4229: checking stdarg.h usability
configure:4229: gcc -c -g -O2  -I/usr/pkg/include conftest.c >&5
configure:4229: $? = 0
configure:4229: result: yes
configure:4229: checking stdarg.h presence
configure:4229: gcc -E  -I/usr/pkg/include conftest.c
configure:4229: $? = 0
configure:4229: result: yes
configure:4229: checking for stdarg.h
configure:4229: result: yes
configure:4229: checking sys/wait.h usability
configure:4229: gcc -c -g -O2  -I/usr/pkg/include conftest.c >&5
configure:4229: $? = 0
configure:4229: result: yes
configure:4229: checking sys/wait.h presence
configure:4229: gcc -E  -I/usr/pkg/include conftest.c
configure:4229: $? = 0
configure:4229: result: yes
configure:4229: checking for sys/wait.h
configure:4229: result: yes
configure:4229: checking errno.h usability
configure:4229: gcc -c -g -O2  -I/usr/pkg/include conftest.c >&5
configure:4229: $? = 0
configure:4229: result: yes
configure:4229: checking errno.h presence
configure:4229: gcc -E  -I/usr/pkg/include conftest.c
configure:4229: $? = 0
configure:4229: result: yes
configure:4229: checking for errno.h
configure:4229: result: yes
configure:4229: checking dirent.h usability
configure:4229: gcc -c -g -O2  -I/usr/pkg/include conftest.c >&5
configure:4229: $? = 0
configure:4229: result: yes
configure:4229: checking dirent.h presence
configure:4229: gcc -E  -I/usr/pkg/include conftest.c
configure:4229: $? = 0
configure:4229: result: yes
configure:4229: checking for dirent.h
configure:4229: result: yes
configure:4229: checking regex.h usability
configure:4229: gcc -c -g -O2  -I/usr/pkg/include conftest.c >&5
configure:4229: $? = 0
configure:4229: result: yes
configure:4229: checking regex.h presence
configure:4229: gcc -E  -I/usr/pkg/include conftest.c
configure:4229: $? = 0
configure:4229: result: yes
configure:4229: checking for regex.h
configure:4229: result: yes
configure:4229: checking sys/poll.h usability
configure:4229: gcc -c -g -O2  -I/usr/pkg/include conftest.c >&5
configure:4229: $? = 0
configure:4229: result: yes
configure:4229: checking sys/poll.h presence
configure:4229: gcc -E  -I/usr/pkg/include conftest.c
configure:4229: $? = 0
configure:4229: result: yes
configure:4229: checking for sys/poll.h
configure:4229: result: yes
configure:4229: checking sys/signal.h usability
configure:4229: gcc -c -g -O2  -I/usr/pkg/include conftest.c >&5
configure:4229: $? = 0
configure:4229: result: yes
configure:4229: checking sys/signal.h presence
configure:4229: gcc -E  -I/usr/pkg/include conftest.c
configure:4229: $? = 0
configure:4229: result: yes
configure:4229: checking for sys/signal.h
configure:4229: result: yes
configure:4229: checking signal.h usability
configure:4229: gcc -c -g -O2  -I/usr/pkg/include conftest.c >&5
configure:4229: $? = 0
configure:4229: result: yes
configure:4229: checking signal.h presence
configure:4229: gcc -E  -I/usr/pkg/include conftest.c
configure:4229: $? = 0
configure:4229: result: yes
configure:4229: checking for signal.h
configure:4229: result: yes
configure:4229: checking termcap.h usability
configure:4229: gcc -c -g -O2  -I/usr/pkg/include conftest.c >&5
configure:4229: $? = 0
configure:4229: result: yes
configure:4229: checking termcap.h presence
configure:4229: gcc -E  -I/usr/pkg/include conftest.c
configure:4229: $? = 0
configure:4229: result: yes
configure:4229: checking for termcap.h
configure:4229: result: yes
configure:4229: checking fnmatch.h usability
configure:4229: gcc -c -g -O2  -I/usr/pkg/include conftest.c >&5
configure:4229: $? = 0
configure:4229: result: yes
configure:4229: checking fnmatch.h presence
configure:4229: gcc -E  -I/usr/pkg/include conftest.c
configure:4229: $? = 0
configure:4229: result: yes
configure:4229: checking for fnmatch.h
configure:4229: result: yes
configure:4229: checking sys/utsname.h usability
configure:4229: gcc -c -g -O2  -I/usr/pkg/include conftest.c >&5
configure:4229: $? = 0
configure:4229: result: yes
configure:4229: checking sys/utsname.h presence
configure:4229: gcc -E  -I/usr/pkg/include conftest.c
configure:4229: $? = 0
configure:4229: result: yes
configure:4229: checking for sys/utsname.h
configure:4229: result: yes
configure:4229: checking nbcompat.h usability
configure:4229: gcc -c -g -O2  -I/usr/pkg/include conftest.c >&5
configure:4229: $? = 0
configure:4229: result: yes
configure:4229: checking nbcompat.h presence
configure:4229: gcc -E  -I/usr/pkg/include conftest.c
configure:4229: $? = 0
configure:4229: result: yes
configure:4229: checking for nbcompat.h
configure:4229: result: yes
configure:4229: checking nbcompat/string.h usability
configure:4229: gcc -c -g -O2  -I/usr/pkg/include conftest.c >&5
In file included from conftest.c:103:
/usr/local/include/nbcompat/string.h:56:8: error: expected parameter declarator
size_t  strlcat(char *, const char *, size_t);
        ^
/usr/include/secure/_string.h:111:44: note: expanded from macro 'strlcat'
  __builtin___strlcat_chk (dest, src, len, __darwin_obsz (dest))
                                           ^
/usr/include/secure/_common.h:39:62: note: expanded from macro '__darwin_obsz'
#define __darwin_obsz(object) __builtin_object_size (object, _USE_FORTIFY_LEVEL > 1 ? 1 : 0)
                                                             ^
/usr/include/secure/_common.h:30:32: note: expanded from macro '_USE_FORTIFY_LEVEL'
#    define _USE_FORTIFY_LEVEL 2
                               ^
In file included from conftest.c:103:
/usr/local/include/nbcompat/string.h:56:8: error: expected ')'
/usr/include/secure/_string.h:111:44: note: expanded from macro 'strlcat'
  __builtin___strlcat_chk (dest, src, len, __darwin_obsz (dest))
                                           ^
/usr/include/secure/_common.h:39:62: note: expanded from macro '__darwin_obsz'
#define __darwin_obsz(object) __builtin_object_size (object, _USE_FORTIFY_LEVEL > 1 ? 1 : 0)
                                                             ^
/usr/include/secure/_common.h:30:32: note: expanded from macro '_USE_FORTIFY_LEVEL'
#    define _USE_FORTIFY_LEVEL 2
                               ^
/usr/local/include/nbcompat/string.h:56:8: note: to match this '('
/usr/include/secure/_string.h:111:44: note: expanded from macro 'strlcat'
  __builtin___strlcat_chk (dest, src, len, __darwin_obsz (dest))
                                           ^
/usr/include/secure/_common.h:39:53: note: expanded from macro '__darwin_obsz'
#define __darwin_obsz(object) __builtin_object_size (object, _USE_FORTIFY_LEVEL > 1 ? 1 : 0)
                                                    ^
In file included from conftest.c:103:
/usr/local/include/nbcompat/string.h:56:8: error: conflicting types for '__builtin___strlcat_chk'
size_t  strlcat(char *, const char *, size_t);
        ^
/usr/include/secure/_string.h:111:3: note: expanded from macro 'strlcat'
  __builtin___strlcat_chk (dest, src, len, __darwin_obsz (dest))
  ^
/usr/local/include/nbcompat/string.h:56:8: note: '__builtin___strlcat_chk' is a builtin with type 'unsigned long (char *, const char *, unsigned long, unsigned long)'
/usr/include/secure/_string.h:111:3: note: expanded from macro 'strlcat'
  __builtin___strlcat_chk (dest, src, len, __darwin_obsz (dest))
  ^
In file included from conftest.c:103:
/usr/local/include/nbcompat/string.h:60:8: error: expected parameter declarator
size_t  strlcpy(char *, const char *, size_t);
        ^
/usr/include/secure/_string.h:105:44: note: expanded from macro 'strlcpy'
  __builtin___strlcpy_chk (dest, src, len, __darwin_obsz (dest))
                                           ^
/usr/include/secure/_common.h:39:62: note: expanded from macro '__darwin_obsz'
#define __darwin_obsz(object) __builtin_object_size (object, _USE_FORTIFY_LEVEL > 1 ? 1 : 0)
                                                             ^
/usr/include/secure/_common.h:30:32: note: expanded from macro '_USE_FORTIFY_LEVEL'
#    define _USE_FORTIFY_LEVEL 2
                               ^
In file included from conftest.c:103:
/usr/local/include/nbcompat/string.h:60:8: error: expected ')'
/usr/include/secure/_string.h:105:44: note: expanded from macro 'strlcpy'
  __builtin___strlcpy_chk (dest, src, len, __darwin_obsz (dest))
                                           ^
/usr/include/secure/_common.h:39:62: note: expanded from macro '__darwin_obsz'
#define __darwin_obsz(object) __builtin_object_size (object, _USE_FORTIFY_LEVEL > 1 ? 1 : 0)
                                                             ^
/usr/include/secure/_common.h:30:32: note: expanded from macro '_USE_FORTIFY_LEVEL'
#    define _USE_FORTIFY_LEVEL 2
                               ^
/usr/local/include/nbcompat/string.h:60:8: note: to match this '('
/usr/include/secure/_string.h:105:44: note: expanded from macro 'strlcpy'
  __builtin___strlcpy_chk (dest, src, len, __darwin_obsz (dest))
                                           ^
/usr/include/secure/_common.h:39:53: note: expanded from macro '__darwin_obsz'
#define __darwin_obsz(object) __builtin_object_size (object, _USE_FORTIFY_LEVEL > 1 ? 1 : 0)
                                                    ^
In file included from conftest.c:103:
/usr/local/include/nbcompat/string.h:60:8: error: conflicting types for '__builtin___strlcpy_chk'
size_t  strlcpy(char *, const char *, size_t);
        ^
/usr/include/secure/_string.h:105:3: note: expanded from macro 'strlcpy'
  __builtin___strlcpy_chk (dest, src, len, __darwin_obsz (dest))
  ^
/usr/local/include/nbcompat/string.h:60:8: note: '__builtin___strlcpy_chk' is a builtin with type 'unsigned long (char *, const char *, unsigned long, unsigned long)'
/usr/include/secure/_string.h:105:3: note: expanded from macro 'strlcpy'
  __builtin___strlcpy_chk (dest, src, len, __darwin_obsz (dest))
  ^
6 errors generated.
configure:4229: $? = 1
configure: failed program was:
| /* confdefs.h */
| #define PACKAGE_NAME "pkgin"
| #define PACKAGE_TARNAME "pkgin"
| #define PACKAGE_VERSION "0.6.4"
| #define PACKAGE_STRING "pkgin 0.6.4"
| #define PACKAGE_BUGREPORT "imil@NetBSD.org"
| #define PACKAGE_URL ""
| #define HAVE_DUP2 1
| #define HAVE_GETCWD 1
| #define HAVE_LOCALECONV 1
| #define HAVE_MEMMOVE 1
| #define HAVE_MEMSET 1
| #define HAVE_MKDIR 1
| #define HAVE_PUTENV 1
| #define HAVE_REGCOMP 1
| #define HAVE_RMDIR 1
| #define HAVE_SETENV 1
| #define HAVE_STRCASECMP 1
| #define HAVE_STRCHR 1
| #define HAVE_STRCSPN 1
| #define HAVE_STRDUP 1
| #define HAVE_STRNCASECMP 1
| #define HAVE_STRPBRK 1
| #define HAVE_STRRCHR 1
| #define HAVE_STRSTR 1
| #define HAVE_STRTOL 1
| #define HAVE_FREOPEN 1
| #define HAVE_TCGETPGRP 1
| #define STDC_HEADERS 1
| #define HAVE_SYS_TYPES_H 1
| #define HAVE_SYS_STAT_H 1
| #define HAVE_STDLIB_H 1
| #define HAVE_STRING_H 1
| #define HAVE_MEMORY_H 1
| #define HAVE_STRINGS_H 1
| #define HAVE_INTTYPES_H 1
| #define HAVE_STDINT_H 1
| #define HAVE_UNISTD_H 1
| #define HAVE_FCNTL_H 1
| #define HAVE_INTTYPES_H 1
| #define HAVE_LIMITS_H 1
| #define HAVE_LOCALE_H 1
| #define HAVE_NETDB_H 1
| #define HAVE_STDINT_H 1
| #define HAVE_STDLIB_H 1
| #define HAVE_STRING_H 1
| #define HAVE_SYS_FILE_H 1
| #define HAVE_SYS_PARAM_H 1
| #define HAVE_SYS_STATVFS_H 1
| #define HAVE_SYS_TIME_H 1
| #define HAVE_UNISTD_H 1
| #define HAVE_SYS_QUEUE_H 1
| #define HAVE_CTYPE_H 1
| #define HAVE_STDIO_H 1
| #define HAVE_ASSERT_H 1
| #define HAVE_ERR_H 1
| #define HAVE_STDARG_H 1
| #define HAVE_SYS_WAIT_H 1
| #define HAVE_ERRNO_H 1
| #define HAVE_DIRENT_H 1
| #define HAVE_REGEX_H 1
| #define HAVE_SYS_POLL_H 1
| #define HAVE_SYS_SIGNAL_H 1
| #define HAVE_SIGNAL_H 1
| #define HAVE_TERMCAP_H 1
| #define HAVE_FNMATCH_H 1
| #define HAVE_SYS_UTSNAME_H 1
| #define HAVE_NBCOMPAT_H 1
| /* end confdefs.h.  */
| #include <stdio.h>
| #ifdef HAVE_SYS_TYPES_H
| # include <sys/types.h>
| #endif
| #ifdef HAVE_SYS_STAT_H
| # include <sys/stat.h>
| #endif
| #ifdef STDC_HEADERS
| # include <stdlib.h>
| # include <stddef.h>
| #else
| # ifdef HAVE_STDLIB_H
| #  include <stdlib.h>
| # endif
| #endif
| #ifdef HAVE_STRING_H
| # if !defined STDC_HEADERS && defined HAVE_MEMORY_H
| #  include <memory.h>
| # endif
| # include <string.h>
| #endif
| #ifdef HAVE_STRINGS_H
| # include <strings.h>
| #endif
| #ifdef HAVE_INTTYPES_H
| # include <inttypes.h>
| #endif
| #ifdef HAVE_STDINT_H
| # include <stdint.h>
| #endif
| #ifdef HAVE_UNISTD_H
| # include <unistd.h>
| #endif
| #include <nbcompat/string.h>
configure:4229: result: no
configure:4229: checking nbcompat/string.h presence
configure:4229: gcc -E  -I/usr/pkg/include conftest.c
configure:4229: $? = 0
configure:4229: result: yes
configure:4229: WARNING: nbcompat/string.h: present but cannot be compiled
configure:4229: WARNING: nbcompat/string.h:     check for missing prerequisite headers?
configure:4229: WARNING: nbcompat/string.h: see the Autoconf documentation
configure:4229: WARNING: nbcompat/string.h:     section "Present But Cannot Be Compiled"
configure:4229: WARNING: nbcompat/string.h: proceeding with the compiler's result
configure:4229: checking for nbcompat/string.h
configure:4229: result: no
configure:4229: checking util.h usability
configure:4229: gcc -c -g -O2  -I/usr/pkg/include conftest.c >&5
configure:4229: $? = 0
configure:4229: result: yes
configure:4229: checking util.h presence
configure:4229: gcc -E  -I/usr/pkg/include conftest.c
configure:4229: $? = 0
configure:4229: result: yes
configure:4229: checking for util.h
configure:4229: result: yes
configure:4229: checking libutil.h usability
configure:4229: gcc -c -g -O2  -I/usr/pkg/include conftest.c >&5
conftest.c:104:10: fatal error: 'libutil.h' file not found
#include <libutil.h>
         ^
1 error generated.
configure:4229: $? = 1
configure: failed program was:
| /* confdefs.h */
| #define PACKAGE_NAME "pkgin"
| #define PACKAGE_TARNAME "pkgin"
| #define PACKAGE_VERSION "0.6.4"
| #define PACKAGE_STRING "pkgin 0.6.4"
| #define PACKAGE_BUGREPORT "imil@NetBSD.org"
| #define PACKAGE_URL ""
| #define HAVE_DUP2 1
| #define HAVE_GETCWD 1
| #define HAVE_LOCALECONV 1
| #define HAVE_MEMMOVE 1
| #define HAVE_MEMSET 1
| #define HAVE_MKDIR 1
| #define HAVE_PUTENV 1
| #define HAVE_REGCOMP 1
| #define HAVE_RMDIR 1
| #define HAVE_SETENV 1
| #define HAVE_STRCASECMP 1
| #define HAVE_STRCHR 1
| #define HAVE_STRCSPN 1
| #define HAVE_STRDUP 1
| #define HAVE_STRNCASECMP 1
| #define HAVE_STRPBRK 1
| #define HAVE_STRRCHR 1
| #define HAVE_STRSTR 1
| #define HAVE_STRTOL 1
| #define HAVE_FREOPEN 1
| #define HAVE_TCGETPGRP 1
| #define STDC_HEADERS 1
| #define HAVE_SYS_TYPES_H 1
| #define HAVE_SYS_STAT_H 1
| #define HAVE_STDLIB_H 1
| #define HAVE_STRING_H 1
| #define HAVE_MEMORY_H 1
| #define HAVE_STRINGS_H 1
| #define HAVE_INTTYPES_H 1
| #define HAVE_STDINT_H 1
| #define HAVE_UNISTD_H 1
| #define HAVE_FCNTL_H 1
| #define HAVE_INTTYPES_H 1
| #define HAVE_LIMITS_H 1
| #define HAVE_LOCALE_H 1
| #define HAVE_NETDB_H 1
| #define HAVE_STDINT_H 1
| #define HAVE_STDLIB_H 1
| #define HAVE_STRING_H 1
| #define HAVE_SYS_FILE_H 1
| #define HAVE_SYS_PARAM_H 1
| #define HAVE_SYS_STATVFS_H 1
| #define HAVE_SYS_TIME_H 1
| #define HAVE_UNISTD_H 1
| #define HAVE_SYS_QUEUE_H 1
| #define HAVE_CTYPE_H 1
| #define HAVE_STDIO_H 1
| #define HAVE_ASSERT_H 1
| #define HAVE_ERR_H 1
| #define HAVE_STDARG_H 1
| #define HAVE_SYS_WAIT_H 1
| #define HAVE_ERRNO_H 1
| #define HAVE_DIRENT_H 1
| #define HAVE_REGEX_H 1
| #define HAVE_SYS_POLL_H 1
| #define HAVE_SYS_SIGNAL_H 1
| #define HAVE_SIGNAL_H 1
| #define HAVE_TERMCAP_H 1
| #define HAVE_FNMATCH_H 1
| #define HAVE_SYS_UTSNAME_H 1
| #define HAVE_NBCOMPAT_H 1
| #define HAVE_UTIL_H 1
| /* end confdefs.h.  */
| #include <stdio.h>
| #ifdef HAVE_SYS_TYPES_H
| # include <sys/types.h>
| #endif
| #ifdef HAVE_SYS_STAT_H
| # include <sys/stat.h>
| #endif
| #ifdef STDC_HEADERS
| # include <stdlib.h>
| # include <stddef.h>
| #else
| # ifdef HAVE_STDLIB_H
| #  include <stdlib.h>
| # endif
| #endif
| #ifdef HAVE_STRING_H
| # if !defined STDC_HEADERS && defined HAVE_MEMORY_H
| #  include <memory.h>
| # endif
| # include <string.h>
| #endif
| #ifdef HAVE_STRINGS_H
| # include <strings.h>
| #endif
| #ifdef HAVE_INTTYPES_H
| # include <inttypes.h>
| #endif
| #ifdef HAVE_STDINT_H
| # include <stdint.h>
| #endif
| #ifdef HAVE_UNISTD_H
| # include <unistd.h>
| #endif
| #include <libutil.h>
configure:4229: result: no
configure:4229: checking libutil.h presence
configure:4229: gcc -E  -I/usr/pkg/include conftest.c
conftest.c:71:10: fatal error: 'libutil.h' file not found
#include <libutil.h>
         ^
1 error generated.
configure:4229: $? = 1
configure: failed program was:
| /* confdefs.h */
| #define PACKAGE_NAME "pkgin"
| #define PACKAGE_TARNAME "pkgin"
| #define PACKAGE_VERSION "0.6.4"
| #define PACKAGE_STRING "pkgin 0.6.4"
| #define PACKAGE_BUGREPORT "imil@NetBSD.org"
| #define PACKAGE_URL ""
| #define HAVE_DUP2 1
| #define HAVE_GETCWD 1
| #define HAVE_LOCALECONV 1
| #define HAVE_MEMMOVE 1
| #define HAVE_MEMSET 1
| #define HAVE_MKDIR 1
| #define HAVE_PUTENV 1
| #define HAVE_REGCOMP 1
| #define HAVE_RMDIR 1
| #define HAVE_SETENV 1
| #define HAVE_STRCASECMP 1
| #define HAVE_STRCHR 1
| #define HAVE_STRCSPN 1
| #define HAVE_STRDUP 1
| #define HAVE_STRNCASECMP 1
| #define HAVE_STRPBRK 1
| #define HAVE_STRRCHR 1
| #define HAVE_STRSTR 1
| #define HAVE_STRTOL 1
| #define HAVE_FREOPEN 1
| #define HAVE_TCGETPGRP 1
| #define STDC_HEADERS 1
| #define HAVE_SYS_TYPES_H 1
| #define HAVE_SYS_STAT_H 1
| #define HAVE_STDLIB_H 1
| #define HAVE_STRING_H 1
| #define HAVE_MEMORY_H 1
| #define HAVE_STRINGS_H 1
| #define HAVE_INTTYPES_H 1
| #define HAVE_STDINT_H 1
| #define HAVE_UNISTD_H 1
| #define HAVE_FCNTL_H 1
| #define HAVE_INTTYPES_H 1
| #define HAVE_LIMITS_H 1
| #define HAVE_LOCALE_H 1
| #define HAVE_NETDB_H 1
| #define HAVE_STDINT_H 1
| #define HAVE_STDLIB_H 1
| #define HAVE_STRING_H 1
| #define HAVE_SYS_FILE_H 1
| #define HAVE_SYS_PARAM_H 1
| #define HAVE_SYS_STATVFS_H 1
| #define HAVE_SYS_TIME_H 1
| #define HAVE_UNISTD_H 1
| #define HAVE_SYS_QUEUE_H 1
| #define HAVE_CTYPE_H 1
| #define HAVE_STDIO_H 1
| #define HAVE_ASSERT_H 1
| #define HAVE_ERR_H 1
| #define HAVE_STDARG_H 1
| #define HAVE_SYS_WAIT_H 1
| #define HAVE_ERRNO_H 1
| #define HAVE_DIRENT_H 1
| #define HAVE_REGEX_H 1
| #define HAVE_SYS_POLL_H 1
| #define HAVE_SYS_SIGNAL_H 1
| #define HAVE_SIGNAL_H 1
| #define HAVE_TERMCAP_H 1
| #define HAVE_FNMATCH_H 1
| #define HAVE_SYS_UTSNAME_H 1
| #define HAVE_NBCOMPAT_H 1
| #define HAVE_UTIL_H 1
| /* end confdefs.h.  */
| #include <libutil.h>
configure:4229: result: no
configure:4229: checking for libutil.h
configure:4229: result: no
configure:4229: checking sys/termios.h usability
configure:4229: gcc -c -g -O2  -I/usr/pkg/include conftest.c >&5
configure:4229: $? = 0
configure:4229: result: yes
configure:4229: checking sys/termios.h presence
configure:4229: gcc -E  -I/usr/pkg/include conftest.c
configure:4229: $? = 0
configure:4229: result: yes
configure:4229: checking for sys/termios.h
configure:4229: result: yes
configure:4229: checking termios.h usability
configure:4229: gcc -c -g -O2  -I/usr/pkg/include conftest.c >&5
configure:4229: $? = 0
configure:4229: result: yes
configure:4229: checking termios.h presence
configure:4229: gcc -E  -I/usr/pkg/include conftest.c
configure:4229: $? = 0
configure:4229: result: yes
configure:4229: checking for termios.h
configure:4229: result: yes
configure:4229: checking sys/cdefs.h usability
configure:4229: gcc -c -g -O2  -I/usr/pkg/include conftest.c >&5
configure:4229: $? = 0
configure:4229: result: yes
configure:4229: checking sys/cdefs.h presence
configure:4229: gcc -E  -I/usr/pkg/include conftest.c
configure:4229: $? = 0
configure:4229: result: yes
configure:4229: checking for sys/cdefs.h
configure:4229: result: yes
configure:4241: checking for int64_t
configure:4241: gcc -c -g -O2  -I/usr/pkg/include conftest.c >&5
configure:4241: $? = 0
configure:4241: gcc -c -g -O2  -I/usr/pkg/include conftest.c >&5
conftest.c:111:24: error: 'test_array' declared as an array with a negative size
static int test_array [1 - 2 * !((int64_t) (((((int64_t) 1 << N) << N) - 1) * 2 + 1)
                       ^~~~~~~~~~~~~~~~~~~~~~~~~~~~~~~~~~~~~~~~~~~~~~~~~~~~~~~~~~~~~
1 error generated.
configure:4241: $? = 1
configure: failed program was:
| /* confdefs.h */
| #define PACKAGE_NAME "pkgin"
| #define PACKAGE_TARNAME "pkgin"
| #define PACKAGE_VERSION "0.6.4"
| #define PACKAGE_STRING "pkgin 0.6.4"
| #define PACKAGE_BUGREPORT "imil@NetBSD.org"
| #define PACKAGE_URL ""
| #define HAVE_DUP2 1
| #define HAVE_GETCWD 1
| #define HAVE_LOCALECONV 1
| #define HAVE_MEMMOVE 1
| #define HAVE_MEMSET 1
| #define HAVE_MKDIR 1
| #define HAVE_PUTENV 1
| #define HAVE_REGCOMP 1
| #define HAVE_RMDIR 1
| #define HAVE_SETENV 1
| #define HAVE_STRCASECMP 1
| #define HAVE_STRCHR 1
| #define HAVE_STRCSPN 1
| #define HAVE_STRDUP 1
| #define HAVE_STRNCASECMP 1
| #define HAVE_STRPBRK 1
| #define HAVE_STRRCHR 1
| #define HAVE_STRSTR 1
| #define HAVE_STRTOL 1
| #define HAVE_FREOPEN 1
| #define HAVE_TCGETPGRP 1
| #define STDC_HEADERS 1
| #define HAVE_SYS_TYPES_H 1
| #define HAVE_SYS_STAT_H 1
| #define HAVE_STDLIB_H 1
| #define HAVE_STRING_H 1
| #define HAVE_MEMORY_H 1
| #define HAVE_STRINGS_H 1
| #define HAVE_INTTYPES_H 1
| #define HAVE_STDINT_H 1
| #define HAVE_UNISTD_H 1
| #define HAVE_FCNTL_H 1
| #define HAVE_INTTYPES_H 1
| #define HAVE_LIMITS_H 1
| #define HAVE_LOCALE_H 1
| #define HAVE_NETDB_H 1
| #define HAVE_STDINT_H 1
| #define HAVE_STDLIB_H 1
| #define HAVE_STRING_H 1
| #define HAVE_SYS_FILE_H 1
| #define HAVE_SYS_PARAM_H 1
| #define HAVE_SYS_STATVFS_H 1
| #define HAVE_SYS_TIME_H 1
| #define HAVE_UNISTD_H 1
| #define HAVE_SYS_QUEUE_H 1
| #define HAVE_CTYPE_H 1
| #define HAVE_STDIO_H 1
| #define HAVE_ASSERT_H 1
| #define HAVE_ERR_H 1
| #define HAVE_STDARG_H 1
| #define HAVE_SYS_WAIT_H 1
| #define HAVE_ERRNO_H 1
| #define HAVE_DIRENT_H 1
| #define HAVE_REGEX_H 1
| #define HAVE_SYS_POLL_H 1
| #define HAVE_SYS_SIGNAL_H 1
| #define HAVE_SIGNAL_H 1
| #define HAVE_TERMCAP_H 1
| #define HAVE_FNMATCH_H 1
| #define HAVE_SYS_UTSNAME_H 1
| #define HAVE_NBCOMPAT_H 1
| #define HAVE_UTIL_H 1
| #define HAVE_SYS_TERMIOS_H 1
| #define HAVE_TERMIOS_H 1
| #define HAVE_SYS_CDEFS_H 1
| /* end confdefs.h.  */
| #include <stdio.h>
| #ifdef HAVE_SYS_TYPES_H
| # include <sys/types.h>
| #endif
| #ifdef HAVE_SYS_STAT_H
| # include <sys/stat.h>
| #endif
| #ifdef STDC_HEADERS
| # include <stdlib.h>
| # include <stddef.h>
| #else
| # ifdef HAVE_STDLIB_H
| #  include <stdlib.h>
| # endif
| #endif
| #ifdef HAVE_STRING_H
| # if !defined STDC_HEADERS && defined HAVE_MEMORY_H
| #  include <memory.h>
| # endif
| # include <string.h>
| #endif
| #ifdef HAVE_STRINGS_H
| # include <strings.h>
| #endif
| #ifdef HAVE_INTTYPES_H
| # include <inttypes.h>
| #endif
| #ifdef HAVE_STDINT_H
| # include <stdint.h>
| #endif
| #ifdef HAVE_UNISTD_H
| # include <unistd.h>
| #endif
| 	        enum { N = 64 / 2 - 1 };
| int
| main ()
| {
| static int test_array [1 - 2 * !((int64_t) (((((int64_t) 1 << N) << N) - 1) * 2 + 1)
| 		 < (int64_t) (((((int64_t) 1 << N) << N) - 1) * 2 + 2))];
| test_array [0] = 0;
| return test_array [0];
| 
|   ;
|   return 0;
| }
configure:4241: result: yes
configure:4252: checking for pid_t
configure:4252: gcc -c -g -O2  -I/usr/pkg/include conftest.c >&5
configure:4252: $? = 0
configure:4252: gcc -c -g -O2  -I/usr/pkg/include conftest.c >&5
conftest.c:110:20: error: expected expression
if (sizeof ((pid_t)))
                   ^
1 error generated.
configure:4252: $? = 1
configure: failed program was:
| /* confdefs.h */
| #define PACKAGE_NAME "pkgin"
| #define PACKAGE_TARNAME "pkgin"
| #define PACKAGE_VERSION "0.6.4"
| #define PACKAGE_STRING "pkgin 0.6.4"
| #define PACKAGE_BUGREPORT "imil@NetBSD.org"
| #define PACKAGE_URL ""
| #define HAVE_DUP2 1
| #define HAVE_GETCWD 1
| #define HAVE_LOCALECONV 1
| #define HAVE_MEMMOVE 1
| #define HAVE_MEMSET 1
| #define HAVE_MKDIR 1
| #define HAVE_PUTENV 1
| #define HAVE_REGCOMP 1
| #define HAVE_RMDIR 1
| #define HAVE_SETENV 1
| #define HAVE_STRCASECMP 1
| #define HAVE_STRCHR 1
| #define HAVE_STRCSPN 1
| #define HAVE_STRDUP 1
| #define HAVE_STRNCASECMP 1
| #define HAVE_STRPBRK 1
| #define HAVE_STRRCHR 1
| #define HAVE_STRSTR 1
| #define HAVE_STRTOL 1
| #define HAVE_FREOPEN 1
| #define HAVE_TCGETPGRP 1
| #define STDC_HEADERS 1
| #define HAVE_SYS_TYPES_H 1
| #define HAVE_SYS_STAT_H 1
| #define HAVE_STDLIB_H 1
| #define HAVE_STRING_H 1
| #define HAVE_MEMORY_H 1
| #define HAVE_STRINGS_H 1
| #define HAVE_INTTYPES_H 1
| #define HAVE_STDINT_H 1
| #define HAVE_UNISTD_H 1
| #define HAVE_FCNTL_H 1
| #define HAVE_INTTYPES_H 1
| #define HAVE_LIMITS_H 1
| #define HAVE_LOCALE_H 1
| #define HAVE_NETDB_H 1
| #define HAVE_STDINT_H 1
| #define HAVE_STDLIB_H 1
| #define HAVE_STRING_H 1
| #define HAVE_SYS_FILE_H 1
| #define HAVE_SYS_PARAM_H 1
| #define HAVE_SYS_STATVFS_H 1
| #define HAVE_SYS_TIME_H 1
| #define HAVE_UNISTD_H 1
| #define HAVE_SYS_QUEUE_H 1
| #define HAVE_CTYPE_H 1
| #define HAVE_STDIO_H 1
| #define HAVE_ASSERT_H 1
| #define HAVE_ERR_H 1
| #define HAVE_STDARG_H 1
| #define HAVE_SYS_WAIT_H 1
| #define HAVE_ERRNO_H 1
| #define HAVE_DIRENT_H 1
| #define HAVE_REGEX_H 1
| #define HAVE_SYS_POLL_H 1
| #define HAVE_SYS_SIGNAL_H 1
| #define HAVE_SIGNAL_H 1
| #define HAVE_TERMCAP_H 1
| #define HAVE_FNMATCH_H 1
| #define HAVE_SYS_UTSNAME_H 1
| #define HAVE_NBCOMPAT_H 1
| #define HAVE_UTIL_H 1
| #define HAVE_SYS_TERMIOS_H 1
| #define HAVE_TERMIOS_H 1
| #define HAVE_SYS_CDEFS_H 1
| /* end confdefs.h.  */
| #include <stdio.h>
| #ifdef HAVE_SYS_TYPES_H
| # include <sys/types.h>
| #endif
| #ifdef HAVE_SYS_STAT_H
| # include <sys/stat.h>
| #endif
| #ifdef STDC_HEADERS
| # include <stdlib.h>
| # include <stddef.h>
| #else
| # ifdef HAVE_STDLIB_H
| #  include <stdlib.h>
| # endif
| #endif
| #ifdef HAVE_STRING_H
| # if !defined STDC_HEADERS && defined HAVE_MEMORY_H
| #  include <memory.h>
| # endif
| # include <string.h>
| #endif
| #ifdef HAVE_STRINGS_H
| # include <strings.h>
| #endif
| #ifdef HAVE_INTTYPES_H
| # include <inttypes.h>
| #endif
| #ifdef HAVE_STDINT_H
| # include <stdint.h>
| #endif
| #ifdef HAVE_UNISTD_H
| # include <unistd.h>
| #endif
| int
| main ()
| {
| if (sizeof ((pid_t)))
| 	    return 0;
|   ;
|   return 0;
| }
configure:4252: result: yes
configure:4263: checking for size_t
configure:4263: gcc -c -g -O2  -I/usr/pkg/include conftest.c >&5
configure:4263: $? = 0
configure:4263: gcc -c -g -O2  -I/usr/pkg/include conftest.c >&5
conftest.c:110:21: error: expected expression
if (sizeof ((size_t)))
                    ^
1 error generated.
configure:4263: $? = 1
configure: failed program was:
| /* confdefs.h */
| #define PACKAGE_NAME "pkgin"
| #define PACKAGE_TARNAME "pkgin"
| #define PACKAGE_VERSION "0.6.4"
| #define PACKAGE_STRING "pkgin 0.6.4"
| #define PACKAGE_BUGREPORT "imil@NetBSD.org"
| #define PACKAGE_URL ""
| #define HAVE_DUP2 1
| #define HAVE_GETCWD 1
| #define HAVE_LOCALECONV 1
| #define HAVE_MEMMOVE 1
| #define HAVE_MEMSET 1
| #define HAVE_MKDIR 1
| #define HAVE_PUTENV 1
| #define HAVE_REGCOMP 1
| #define HAVE_RMDIR 1
| #define HAVE_SETENV 1
| #define HAVE_STRCASECMP 1
| #define HAVE_STRCHR 1
| #define HAVE_STRCSPN 1
| #define HAVE_STRDUP 1
| #define HAVE_STRNCASECMP 1
| #define HAVE_STRPBRK 1
| #define HAVE_STRRCHR 1
| #define HAVE_STRSTR 1
| #define HAVE_STRTOL 1
| #define HAVE_FREOPEN 1
| #define HAVE_TCGETPGRP 1
| #define STDC_HEADERS 1
| #define HAVE_SYS_TYPES_H 1
| #define HAVE_SYS_STAT_H 1
| #define HAVE_STDLIB_H 1
| #define HAVE_STRING_H 1
| #define HAVE_MEMORY_H 1
| #define HAVE_STRINGS_H 1
| #define HAVE_INTTYPES_H 1
| #define HAVE_STDINT_H 1
| #define HAVE_UNISTD_H 1
| #define HAVE_FCNTL_H 1
| #define HAVE_INTTYPES_H 1
| #define HAVE_LIMITS_H 1
| #define HAVE_LOCALE_H 1
| #define HAVE_NETDB_H 1
| #define HAVE_STDINT_H 1
| #define HAVE_STDLIB_H 1
| #define HAVE_STRING_H 1
| #define HAVE_SYS_FILE_H 1
| #define HAVE_SYS_PARAM_H 1
| #define HAVE_SYS_STATVFS_H 1
| #define HAVE_SYS_TIME_H 1
| #define HAVE_UNISTD_H 1
| #define HAVE_SYS_QUEUE_H 1
| #define HAVE_CTYPE_H 1
| #define HAVE_STDIO_H 1
| #define HAVE_ASSERT_H 1
| #define HAVE_ERR_H 1
| #define HAVE_STDARG_H 1
| #define HAVE_SYS_WAIT_H 1
| #define HAVE_ERRNO_H 1
| #define HAVE_DIRENT_H 1
| #define HAVE_REGEX_H 1
| #define HAVE_SYS_POLL_H 1
| #define HAVE_SYS_SIGNAL_H 1
| #define HAVE_SIGNAL_H 1
| #define HAVE_TERMCAP_H 1
| #define HAVE_FNMATCH_H 1
| #define HAVE_SYS_UTSNAME_H 1
| #define HAVE_NBCOMPAT_H 1
| #define HAVE_UTIL_H 1
| #define HAVE_SYS_TERMIOS_H 1
| #define HAVE_TERMIOS_H 1
| #define HAVE_SYS_CDEFS_H 1
| /* end confdefs.h.  */
| #include <stdio.h>
| #ifdef HAVE_SYS_TYPES_H
| # include <sys/types.h>
| #endif
| #ifdef HAVE_SYS_STAT_H
| # include <sys/stat.h>
| #endif
| #ifdef STDC_HEADERS
| # include <stdlib.h>
| # include <stddef.h>
| #else
| # ifdef HAVE_STDLIB_H
| #  include <stdlib.h>
| # endif
| #endif
| #ifdef HAVE_STRING_H
| # if !defined STDC_HEADERS && defined HAVE_MEMORY_H
| #  include <memory.h>
| # endif
| # include <string.h>
| #endif
| #ifdef HAVE_STRINGS_H
| # include <strings.h>
| #endif
| #ifdef HAVE_INTTYPES_H
| # include <inttypes.h>
| #endif
| #ifdef HAVE_STDINT_H
| # include <stdint.h>
| #endif
| #ifdef HAVE_UNISTD_H
| # include <unistd.h>
| #endif
| int
| main ()
| {
| if (sizeof ((size_t)))
| 	    return 0;
|   ;
|   return 0;
| }
configure:4263: result: yes
configure:4274: checking for ssize_t
configure:4274: gcc -c -g -O2  -I/usr/pkg/include conftest.c >&5
configure:4274: $? = 0
configure:4274: gcc -c -g -O2  -I/usr/pkg/include conftest.c >&5
conftest.c:110:22: error: expected expression
if (sizeof ((ssize_t)))
                     ^
1 error generated.
configure:4274: $? = 1
configure: failed program was:
| /* confdefs.h */
| #define PACKAGE_NAME "pkgin"
| #define PACKAGE_TARNAME "pkgin"
| #define PACKAGE_VERSION "0.6.4"
| #define PACKAGE_STRING "pkgin 0.6.4"
| #define PACKAGE_BUGREPORT "imil@NetBSD.org"
| #define PACKAGE_URL ""
| #define HAVE_DUP2 1
| #define HAVE_GETCWD 1
| #define HAVE_LOCALECONV 1
| #define HAVE_MEMMOVE 1
| #define HAVE_MEMSET 1
| #define HAVE_MKDIR 1
| #define HAVE_PUTENV 1
| #define HAVE_REGCOMP 1
| #define HAVE_RMDIR 1
| #define HAVE_SETENV 1
| #define HAVE_STRCASECMP 1
| #define HAVE_STRCHR 1
| #define HAVE_STRCSPN 1
| #define HAVE_STRDUP 1
| #define HAVE_STRNCASECMP 1
| #define HAVE_STRPBRK 1
| #define HAVE_STRRCHR 1
| #define HAVE_STRSTR 1
| #define HAVE_STRTOL 1
| #define HAVE_FREOPEN 1
| #define HAVE_TCGETPGRP 1
| #define STDC_HEADERS 1
| #define HAVE_SYS_TYPES_H 1
| #define HAVE_SYS_STAT_H 1
| #define HAVE_STDLIB_H 1
| #define HAVE_STRING_H 1
| #define HAVE_MEMORY_H 1
| #define HAVE_STRINGS_H 1
| #define HAVE_INTTYPES_H 1
| #define HAVE_STDINT_H 1
| #define HAVE_UNISTD_H 1
| #define HAVE_FCNTL_H 1
| #define HAVE_INTTYPES_H 1
| #define HAVE_LIMITS_H 1
| #define HAVE_LOCALE_H 1
| #define HAVE_NETDB_H 1
| #define HAVE_STDINT_H 1
| #define HAVE_STDLIB_H 1
| #define HAVE_STRING_H 1
| #define HAVE_SYS_FILE_H 1
| #define HAVE_SYS_PARAM_H 1
| #define HAVE_SYS_STATVFS_H 1
| #define HAVE_SYS_TIME_H 1
| #define HAVE_UNISTD_H 1
| #define HAVE_SYS_QUEUE_H 1
| #define HAVE_CTYPE_H 1
| #define HAVE_STDIO_H 1
| #define HAVE_ASSERT_H 1
| #define HAVE_ERR_H 1
| #define HAVE_STDARG_H 1
| #define HAVE_SYS_WAIT_H 1
| #define HAVE_ERRNO_H 1
| #define HAVE_DIRENT_H 1
| #define HAVE_REGEX_H 1
| #define HAVE_SYS_POLL_H 1
| #define HAVE_SYS_SIGNAL_H 1
| #define HAVE_SIGNAL_H 1
| #define HAVE_TERMCAP_H 1
| #define HAVE_FNMATCH_H 1
| #define HAVE_SYS_UTSNAME_H 1
| #define HAVE_NBCOMPAT_H 1
| #define HAVE_UTIL_H 1
| #define HAVE_SYS_TERMIOS_H 1
| #define HAVE_TERMIOS_H 1
| #define HAVE_SYS_CDEFS_H 1
| /* end confdefs.h.  */
| #include <stdio.h>
| #ifdef HAVE_SYS_TYPES_H
| # include <sys/types.h>
| #endif
| #ifdef HAVE_SYS_STAT_H
| # include <sys/stat.h>
| #endif
| #ifdef STDC_HEADERS
| # include <stdlib.h>
| # include <stddef.h>
| #else
| # ifdef HAVE_STDLIB_H
| #  include <stdlib.h>
| # endif
| #endif
| #ifdef HAVE_STRING_H
| # if !defined STDC_HEADERS && defined HAVE_MEMORY_H
| #  include <memory.h>
| # endif
| # include <string.h>
| #endif
| #ifdef HAVE_STRINGS_H
| # include <strings.h>
| #endif
| #ifdef HAVE_INTTYPES_H
| # include <inttypes.h>
| #endif
| #ifdef HAVE_STDINT_H
| # include <stdint.h>
| #endif
| #ifdef HAVE_UNISTD_H
| # include <unistd.h>
| #endif
| int
| main ()
| {
| if (sizeof ((ssize_t)))
| 	    return 0;
|   ;
|   return 0;
| }
configure:4274: result: yes
configure:4285: checking for uint16_t
configure:4285: gcc -c -g -O2  -I/usr/pkg/include conftest.c >&5
configure:4285: $? = 0
configure:4285: result: yes
configure:4297: checking for uint64_t
configure:4297: gcc -c -g -O2  -I/usr/pkg/include conftest.c >&5
configure:4297: $? = 0
configure:4297: result: yes
configure:4311: checking for uint8_t
configure:4311: gcc -c -g -O2  -I/usr/pkg/include conftest.c >&5
configure:4311: $? = 0
configure:4311: result: yes
configure:4328: checking for nbsed
configure:4344: found /usr/pkg/bin/nbsed
configure:4356: result: nbsed
configure:4491: creating ./config.status

## ---------------------- ##
## Running config.status. ##
## ---------------------- ##

This file was extended by pkgin config.status 0.6.4, which was
generated by GNU Autoconf 2.69.  Invocation command line was

  CONFIG_FILES    = 
  CONFIG_HEADERS  = 
  CONFIG_LINKS    = 
  CONFIG_COMMANDS = 
  $ ./config.status 

on yrmt.local

config.status:867: creating Makefile
config.status:867: creating config.h

## ---------------- ##
## Cache variables. ##
## ---------------- ##

ac_cv_build=x86_64-apple-darwin13.0.0
ac_cv_c_compiler_gnu=yes
ac_cv_c_int64_t=yes
ac_cv_c_uint16_t=yes
ac_cv_c_uint64_t=yes
ac_cv_c_uint8_t=yes
ac_cv_env_CC_set=
ac_cv_env_CC_value=
ac_cv_env_CFLAGS_set=
ac_cv_env_CFLAGS_value=
ac_cv_env_CPPFLAGS_set=
ac_cv_env_CPPFLAGS_value=
ac_cv_env_CPP_set=
ac_cv_env_CPP_value=
ac_cv_env_LDFLAGS_set=
ac_cv_env_LDFLAGS_value=
ac_cv_env_LIBS_set=
ac_cv_env_LIBS_value=
ac_cv_env_build_alias_set=
ac_cv_env_build_alias_value=
ac_cv_env_host_alias_set=
ac_cv_env_host_alias_value=
ac_cv_env_target_alias_set=
ac_cv_env_target_alias_value=
ac_cv_func_dup2=yes
ac_cv_func_freopen=yes
ac_cv_func_getcwd=yes
ac_cv_func_humanize_number=no
ac_cv_func_localeconv=yes
ac_cv_func_memmove=yes
ac_cv_func_memset=yes
ac_cv_func_mkdir=yes
ac_cv_func_pthread_create=yes
ac_cv_func_putenv=yes
ac_cv_func_regcomp=yes
ac_cv_func_rmdir=yes
ac_cv_func_setenv=yes
ac_cv_func_strcasecmp=yes
ac_cv_func_strchr=yes
ac_cv_func_strcspn=yes
ac_cv_func_strdup=yes
ac_cv_func_strncasecmp=yes
ac_cv_func_strpbrk=yes
ac_cv_func_strrchr=yes
ac_cv_func_strstr=yes
ac_cv_func_strtol=yes
ac_cv_func_tcgetpgrp=yes
ac_cv_header_assert_h=yes
ac_cv_header_ctype_h=yes
ac_cv_header_dirent_h=yes
ac_cv_header_err_h=yes
ac_cv_header_errno_h=yes
ac_cv_header_fcntl_h=yes
ac_cv_header_fnmatch_h=yes
ac_cv_header_inttypes_h=yes
ac_cv_header_libutil_h=no
ac_cv_header_limits_h=yes
ac_cv_header_locale_h=yes
ac_cv_header_memory_h=yes
ac_cv_header_nbcompat_h=yes
ac_cv_header_nbcompat_string_h=no
ac_cv_header_netdb_h=yes
ac_cv_header_regex_h=yes
ac_cv_header_signal_h=yes
ac_cv_header_stdarg_h=yes
ac_cv_header_stdc=yes
ac_cv_header_stdint_h=yes
ac_cv_header_stdio_h=yes
ac_cv_header_stdlib_h=yes
ac_cv_header_string_h=yes
ac_cv_header_strings_h=yes
ac_cv_header_sys_cdefs_h=yes
ac_cv_header_sys_file_h=yes
ac_cv_header_sys_param_h=yes
ac_cv_header_sys_poll_h=yes
ac_cv_header_sys_queue_h=yes
ac_cv_header_sys_signal_h=yes
ac_cv_header_sys_stat_h=yes
ac_cv_header_sys_statvfs_h=yes
ac_cv_header_sys_termios_h=yes
ac_cv_header_sys_time_h=yes
ac_cv_header_sys_types_h=yes
ac_cv_header_sys_utsname_h=yes
ac_cv_header_sys_wait_h=yes
ac_cv_header_termcap_h=yes
ac_cv_header_termios_h=yes
ac_cv_header_unistd_h=yes
ac_cv_header_util_h=yes
ac_cv_host=x86_64-apple-darwin13.0.0
ac_cv_lib_nbcompat_strlcpy=yes
ac_cv_objext=o
ac_cv_path_EGREP='/usr/bin/grep -E'
ac_cv_path_GREP=/usr/bin/grep
ac_cv_path_install='/usr/bin/install -c'
ac_cv_prog_CPP='gcc -E'
ac_cv_prog_SED=nbsed
ac_cv_prog_ac_ct_CC=gcc
ac_cv_prog_cc_c89=
ac_cv_prog_cc_g=yes
ac_cv_search_BN_init=-lcrypto
ac_cv_search_SSL_accept=-lssl
ac_cv_search_fetchGetURL=-lfetch
ac_cv_search_humanize_number=-lutil
ac_cv_search_inet_addr='none required'
ac_cv_search_socket='none required'
ac_cv_search_tgetent=-ltermcap
ac_cv_type_pid_t=yes
ac_cv_type_size_t=yes
ac_cv_type_ssize_t=yes

## ----------------- ##
## Output variables. ##
## ----------------- ##

CC='gcc'
CFLAGS='-g -O2'
CPP='gcc -E'
CPPFLAGS=' -I/usr/pkg/include'
DEFS='-DHAVE_CONFIG_H'
ECHO_C='\c'
ECHO_N=''
ECHO_T=''
EGREP='/usr/bin/grep -E'
EXEEXT=''
GREP='/usr/bin/grep'
INSTALL_DATA='${INSTALL} -m 644'
INSTALL_PROGRAM='${INSTALL}'
INSTALL_SCRIPT='${INSTALL}'
LDFLAGS=' -L/usr/pkg/lib -lcrypto -lssl'
LIBOBJS=''
LIBS='-lssl -lcrypto -ltermcap -lutil  -lnbcompat'
LTLIBOBJS=''
OBJEXT='o'
PACKAGE_BUGREPORT='imil@NetBSD.org'
PACKAGE_NAME='pkgin'
PACKAGE_STRING='pkgin 0.6.4'
PACKAGE_TARNAME='pkgin'
PACKAGE_URL=''
PACKAGE_VERSION='0.6.4'
PATH_SEPARATOR=':'
RPATH='-Wl,-rpath'
SED='nbsed'
SHELL='/bin/sh'
SRCS=''
ac_ct_CC='gcc'
bindir='${exec_prefix}/bin'
build='x86_64-apple-darwin13.0.0'
build_alias=''
build_cpu='x86_64'
build_os='darwin13.0.0'
build_vendor='apple'
datadir='${datarootdir}'
datarootdir='${prefix}/share'
docdir='${datarootdir}/doc/${PACKAGE_TARNAME}'
dvidir='${docdir}'
exec_prefix='${prefix}'
host='x86_64-apple-darwin13.0.0'
host_alias=''
host_cpu='x86_64'
host_os='darwin13.0.0'
host_vendor='apple'
htmldir='${docdir}'
includedir='${prefix}/include'
infodir='${datarootdir}/info'
libdir='${exec_prefix}/lib'
libexecdir='${exec_prefix}/libexec'
localedir='${datarootdir}/locale'
localstatedir='${prefix}/var'
mandir='${datarootdir}/man'
oldincludedir='/usr/include'
pdfdir='${docdir}'
prefix='/usr/pkg'
program_transform_name='s,x,x,'
psdir='${docdir}'
sbindir='${exec_prefix}/sbin'
sharedstatedir='${prefix}/com'
sysconfdir='${prefix}/etc'
target_alias=''

## ----------- ##
## confdefs.h. ##
## ----------- ##

/* confdefs.h */
#define PACKAGE_NAME "pkgin"
#define PACKAGE_TARNAME "pkgin"
#define PACKAGE_VERSION "0.6.4"
#define PACKAGE_STRING "pkgin 0.6.4"
#define PACKAGE_BUGREPORT "imil@NetBSD.org"
#define PACKAGE_URL ""
#define HAVE_DUP2 1
#define HAVE_GETCWD 1
#define HAVE_LOCALECONV 1
#define HAVE_MEMMOVE 1
#define HAVE_MEMSET 1
#define HAVE_MKDIR 1
#define HAVE_PUTENV 1
#define HAVE_REGCOMP 1
#define HAVE_RMDIR 1
#define HAVE_SETENV 1
#define HAVE_STRCASECMP 1
#define HAVE_STRCHR 1
#define HAVE_STRCSPN 1
#define HAVE_STRDUP 1
#define HAVE_STRNCASECMP 1
#define HAVE_STRPBRK 1
#define HAVE_STRRCHR 1
#define HAVE_STRSTR 1
#define HAVE_STRTOL 1
#define HAVE_FREOPEN 1
#define HAVE_TCGETPGRP 1
#define STDC_HEADERS 1
#define HAVE_SYS_TYPES_H 1
#define HAVE_SYS_STAT_H 1
#define HAVE_STDLIB_H 1
#define HAVE_STRING_H 1
#define HAVE_MEMORY_H 1
#define HAVE_STRINGS_H 1
#define HAVE_INTTYPES_H 1
#define HAVE_STDINT_H 1
#define HAVE_UNISTD_H 1
#define HAVE_FCNTL_H 1
#define HAVE_INTTYPES_H 1
#define HAVE_LIMITS_H 1
#define HAVE_LOCALE_H 1
#define HAVE_NETDB_H 1
#define HAVE_STDINT_H 1
#define HAVE_STDLIB_H 1
#define HAVE_STRING_H 1
#define HAVE_SYS_FILE_H 1
#define HAVE_SYS_PARAM_H 1
#define HAVE_SYS_STATVFS_H 1
#define HAVE_SYS_TIME_H 1
#define HAVE_UNISTD_H 1
#define HAVE_SYS_QUEUE_H 1
#define HAVE_CTYPE_H 1
#define HAVE_STDIO_H 1
#define HAVE_ASSERT_H 1
#define HAVE_ERR_H 1
#define HAVE_STDARG_H 1
#define HAVE_SYS_WAIT_H 1
#define HAVE_ERRNO_H 1
#define HAVE_DIRENT_H 1
#define HAVE_REGEX_H 1
#define HAVE_SYS_POLL_H 1
#define HAVE_SYS_SIGNAL_H 1
#define HAVE_SIGNAL_H 1
#define HAVE_TERMCAP_H 1
#define HAVE_FNMATCH_H 1
#define HAVE_SYS_UTSNAME_H 1
#define HAVE_NBCOMPAT_H 1
#define HAVE_UTIL_H 1
#define HAVE_SYS_TERMIOS_H 1
#define HAVE_TERMIOS_H 1
#define HAVE_SYS_CDEFS_H 1

configure: exit 0
